<?xml version="1.0" encoding="UTF-8"?>
<!-- Generated by org.testng.reporters.JUnitXMLReporter -->
<testsuite ignored="0" hostname="DESKTOP-K65D9U0" failures="2" tests="2" name="luma.us.runner" time="0.353" errors="0" timestamp="24 Nov 2022 00:04:14 GMT">
  <testcase classname="io.cucumber.testng.AbstractTestNGCucumberTests" name="runScenario" time="0.107">
    <failure type="io.cucumber.testng.UndefinedStepException" message="The step &amp;apos;User already logged in the application and verify the user information on the landing page&amp;apos; and 8 other step(s) are undefined.
You can implement these steps using the snippet(s) below:

@Given(&amp;quot;User already logged in the application and verify the user information on the landing page&amp;quot;)
public void user_already_logged_in_the_application_and_verify_the_user_information_on_the_landing_page() {
    // Write code here that turns the phrase above into concrete actions
    throw new io.cucumber.java.PendingException();
}
@When(&amp;quot;Users should be able to select Jupiter All-Weather Trainer jacket from men module&amp;quot;)
public void users_should_be_able_to_select_jupiter_all_weather_trainer_jacket_from_men_module() {
    // Write code here that turns the phrase above into concrete actions
    throw new io.cucumber.java.PendingException();
}
@When(&amp;quot;Verify the jacket name Jupiter All-Weather Trainer on the list&amp;quot;)
public void verify_the_jacket_name_jupiter_all_weather_trainer_on_the_list() {
    // Write code here that turns the phrase above into concrete actions
    throw new io.cucumber.java.PendingException();
}
@When(&amp;quot;User should be able to select the S and Blue and {int} then click on the add to cart&amp;quot;)
public void user_should_be_able_to_select_the_s_and_blue_and_then_click_on_the_add_to_cart(Integer int1) {
    // Write code here that turns the phrase above into concrete actions
    throw new io.cucumber.java.PendingException();
}
@When(&amp;quot;User should be able to Click on the cart&amp;quot;)
public void user_should_be_able_to_click_on_the_cart() {
    // Write code here that turns the phrase above into concrete actions
    throw new io.cucumber.java.PendingException();
}
@When(&amp;quot;User should be able to click on the checkout&amp;quot;)
public void user_should_be_able_to_click_on_the_checkout() {
    // Write code here that turns the phrase above into concrete actions
    throw new io.cucumber.java.PendingException();
}
@When(&amp;quot;User should be able to enter the shipping details and click on the Next&amp;quot;)
public void user_should_be_able_to_enter_the_shipping_details_and_click_on_the_next() {
    // Write code here that turns the phrase above into concrete actions
    throw new io.cucumber.java.PendingException();
}
@When(&amp;quot;User should be able to verify the shipping address and place the order&amp;quot;)
public void user_should_be_able_to_verify_the_shipping_address_and_place_the_order() {
    // Write code here that turns the phrase above into concrete actions
    throw new io.cucumber.java.PendingException();
}
@Then(&amp;quot;User should be able to verify the order number and get text on the screen “Thank you for your purchase!”&amp;quot;)
public void user_should_be_able_to_verify_the_order_number_and_get_text_on_the_screen_thank_you_for_your_purchase() {
    // Write code here that turns the phrase above into concrete actions
    throw new io.cucumber.java.PendingException();
}
">
      <![CDATA[io.cucumber.testng.UndefinedStepException: The step 'User already logged in the application and verify the user information on the landing page' and 8 other step(s) are undefined.
You can implement these steps using the snippet(s) below:

@Given("User already logged in the application and verify the user information on the landing page")
public void user_already_logged_in_the_application_and_verify_the_user_information_on_the_landing_page() {
    // Write code here that turns the phrase above into concrete actions
    throw new io.cucumber.java.PendingException();
}
@When("Users should be able to select Jupiter All-Weather Trainer jacket from men module")
public void users_should_be_able_to_select_jupiter_all_weather_trainer_jacket_from_men_module() {
    // Write code here that turns the phrase above into concrete actions
    throw new io.cucumber.java.PendingException();
}
@When("Verify the jacket name Jupiter All-Weather Trainer on the list")
public void verify_the_jacket_name_jupiter_all_weather_trainer_on_the_list() {
    // Write code here that turns the phrase above into concrete actions
    throw new io.cucumber.java.PendingException();
}
@When("User should be able to select the S and Blue and {int} then click on the add to cart")
public void user_should_be_able_to_select_the_s_and_blue_and_then_click_on_the_add_to_cart(Integer int1) {
    // Write code here that turns the phrase above into concrete actions
    throw new io.cucumber.java.PendingException();
}
@When("User should be able to Click on the cart")
public void user_should_be_able_to_click_on_the_cart() {
    // Write code here that turns the phrase above into concrete actions
    throw new io.cucumber.java.PendingException();
}
@When("User should be able to click on the checkout")
public void user_should_be_able_to_click_on_the_checkout() {
    // Write code here that turns the phrase above into concrete actions
    throw new io.cucumber.java.PendingException();
}
@When("User should be able to enter the shipping details and click on the Next")
public void user_should_be_able_to_enter_the_shipping_details_and_click_on_the_next() {
    // Write code here that turns the phrase above into concrete actions
    throw new io.cucumber.java.PendingException();
}
@When("User should be able to verify the shipping address and place the order")
public void user_should_be_able_to_verify_the_shipping_address_and_place_the_order() {
    // Write code here that turns the phrase above into concrete actions
    throw new io.cucumber.java.PendingException();
}
@Then("User should be able to verify the order number and get text on the screen “Thank you for your purchase!”")
public void user_should_be_able_to_verify_the_order_number_and_get_text_on_the_screen_thank_you_for_your_purchase() {
    // Write code here that turns the phrase above into concrete actions
    throw new io.cucumber.java.PendingException();
}

at io.cucumber.core.runtime.TestCaseResultObserver.assertTestCasePassed(TestCaseResultObserver.java:69)
at io.cucumber.testng.TestCaseResultObserver.assertTestCasePassed(TestCaseResultObserver.java:23)
at io.cucumber.testng.TestNGCucumberRunner.lambda$runScenario$0(TestNGCucumberRunner.java:118)
at io.cucumber.core.runtime.CucumberExecutionContext.runTestCase(CucumberExecutionContext.java:117)
at io.cucumber.testng.TestNGCucumberRunner.runScenario(TestNGCucumberRunner.java:114)
at io.cucumber.testng.AbstractTestNGCucumberTests.runScenario(AbstractTestNGCucumberTests.java:31)
... Removed 25 stack frames]]>
    </failure>
  </testcase> <!-- runScenario -->
  <testcase classname="io.cucumber.testng.AbstractTestNGCucumberTests" name="runScenario" time="0.007">
    <failure type="io.cucumber.testng.UndefinedStepException" message="The step &amp;apos;User already logged in the application and verify the user information on the landing page&amp;apos; and 8 other step(s) are undefined.
You can implement these steps using the snippet(s) below:

@Given(&amp;quot;User already logged in the application and verify the user information on the landing page&amp;quot;)
public void user_already_logged_in_the_application_and_verify_the_user_information_on_the_landing_page() {
    // Write code here that turns the phrase above into concrete actions
    throw new io.cucumber.java.PendingException();
}
@When(&amp;quot;Users should be able to select Jupiter All-Weather Trainer jacket from men module&amp;quot;)
public void users_should_be_able_to_select_jupiter_all_weather_trainer_jacket_from_men_module() {
    // Write code here that turns the phrase above into concrete actions
    throw new io.cucumber.java.PendingException();
}
@When(&amp;quot;Verify the jacket name Jupiter All-Weather Trainer on the list&amp;quot;)
public void verify_the_jacket_name_jupiter_all_weather_trainer_on_the_list() {
    // Write code here that turns the phrase above into concrete actions
    throw new io.cucumber.java.PendingException();
}
@When(&amp;quot;User should be able to select the M and Blue and {int} then click on the add to cart&amp;quot;)
public void user_should_be_able_to_select_the_m_and_blue_and_then_click_on_the_add_to_cart(Integer int1) {
    // Write code here that turns the phrase above into concrete actions
    throw new io.cucumber.java.PendingException();
}
@When(&amp;quot;User should be able to Click on the cart&amp;quot;)
public void user_should_be_able_to_click_on_the_cart() {
    // Write code here that turns the phrase above into concrete actions
    throw new io.cucumber.java.PendingException();
}
@When(&amp;quot;User should be able to click on the checkout&amp;quot;)
public void user_should_be_able_to_click_on_the_checkout() {
    // Write code here that turns the phrase above into concrete actions
    throw new io.cucumber.java.PendingException();
}
@When(&amp;quot;User should be able to enter the shipping details and click on the Next&amp;quot;)
public void user_should_be_able_to_enter_the_shipping_details_and_click_on_the_next() {
    // Write code here that turns the phrase above into concrete actions
    throw new io.cucumber.java.PendingException();
}
@When(&amp;quot;User should be able to verify the shipping address and place the order&amp;quot;)
public void user_should_be_able_to_verify_the_shipping_address_and_place_the_order() {
    // Write code here that turns the phrase above into concrete actions
    throw new io.cucumber.java.PendingException();
}
@Then(&amp;quot;User should be able to verify the order number and get text on the screen “Thank you for your purchase!”&amp;quot;)
public void user_should_be_able_to_verify_the_order_number_and_get_text_on_the_screen_thank_you_for_your_purchase() {
    // Write code here that turns the phrase above into concrete actions
    throw new io.cucumber.java.PendingException();
}
">
      <![CDATA[io.cucumber.testng.UndefinedStepException: The step 'User already logged in the application and verify the user information on the landing page' and 8 other step(s) are undefined.
You can implement these steps using the snippet(s) below:

@Given("User already logged in the application and verify the user information on the landing page")
public void user_already_logged_in_the_application_and_verify_the_user_information_on_the_landing_page() {
    // Write code here that turns the phrase above into concrete actions
    throw new io.cucumber.java.PendingException();
}
@When("Users should be able to select Jupiter All-Weather Trainer jacket from men module")
public void users_should_be_able_to_select_jupiter_all_weather_trainer_jacket_from_men_module() {
    // Write code here that turns the phrase above into concrete actions
    throw new io.cucumber.java.PendingException();
}
@When("Verify the jacket name Jupiter All-Weather Trainer on the list")
public void verify_the_jacket_name_jupiter_all_weather_trainer_on_the_list() {
    // Write code here that turns the phrase above into concrete actions
    throw new io.cucumber.java.PendingException();
}
@When("User should be able to select the M and Blue and {int} then click on the add to cart")
public void user_should_be_able_to_select_the_m_and_blue_and_then_click_on_the_add_to_cart(Integer int1) {
    // Write code here that turns the phrase above into concrete actions
    throw new io.cucumber.java.PendingException();
}
@When("User should be able to Click on the cart")
public void user_should_be_able_to_click_on_the_cart() {
    // Write code here that turns the phrase above into concrete actions
    throw new io.cucumber.java.PendingException();
}
@When("User should be able to click on the checkout")
public void user_should_be_able_to_click_on_the_checkout() {
    // Write code here that turns the phrase above into concrete actions
    throw new io.cucumber.java.PendingException();
}
@When("User should be able to enter the shipping details and click on the Next")
public void user_should_be_able_to_enter_the_shipping_details_and_click_on_the_next() {
    // Write code here that turns the phrase above into concrete actions
    throw new io.cucumber.java.PendingException();
}
@When("User should be able to verify the shipping address and place the order")
public void user_should_be_able_to_verify_the_shipping_address_and_place_the_order() {
    // Write code here that turns the phrase above into concrete actions
    throw new io.cucumber.java.PendingException();
}
@Then("User should be able to verify the order number and get text on the screen “Thank you for your purchase!”")
public void user_should_be_able_to_verify_the_order_number_and_get_text_on_the_screen_thank_you_for_your_purchase() {
    // Write code here that turns the phrase above into concrete actions
    throw new io.cucumber.java.PendingException();
}

at io.cucumber.core.runtime.TestCaseResultObserver.assertTestCasePassed(TestCaseResultObserver.java:69)
at io.cucumber.testng.TestCaseResultObserver.assertTestCasePassed(TestCaseResultObserver.java:23)
at io.cucumber.testng.TestNGCucumberRunner.lambda$runScenario$0(TestNGCucumberRunner.java:118)
at io.cucumber.core.runtime.CucumberExecutionContext.runTestCase(CucumberExecutionContext.java:117)
at io.cucumber.testng.TestNGCucumberRunner.runScenario(TestNGCucumberRunner.java:114)
at io.cucumber.testng.AbstractTestNGCucumberTests.runScenario(AbstractTestNGCucumberTests.java:31)
... Removed 25 stack frames]]>
    </failure>
  </testcase> <!-- runScenario -->
</testsuite> <!-- luma.us.runner -->
