<?xml version="1.0" encoding="UTF-8"?>
<testng-results ignored="0" total="1" passed="1" failed="0" skipped="0">
  <reporter-output>
  </reporter-output>
  <suite started-at="2022-12-21T23:53:32Z" name="Smoke" finished-at="2022-12-21T23:53:52Z" duration-ms="19884">
    <groups>
      <group name="cucumber">
        <method signature="AbstractTestNGCucumberTests.runScenario(io.cucumber.testng.PickleWrapper, io.cucumber.testng.FeatureWrapper)[pri:0, instance:luma.us.runner.MyRunner@604c5de8]" name="runScenario" class="io.cucumber.testng.AbstractTestNGCucumberTests"/>
      </group> <!-- cucumber -->
    </groups>
    <test started-at="2022-12-21T23:53:32Z" name="luma.us" finished-at="2022-12-21T23:53:52Z" duration-ms="19884">
      <class name="luma.us.runner.MyRunner">
        <test-method is-config="true" signature="setUpClass()[pri:0, instance:luma.us.runner.MyRunner@604c5de8]" started-at="2022-12-21T23:53:32Z" name="setUpClass" finished-at="2022-12-21T23:53:33Z" duration-ms="242" status="PASS">
          <reporter-output>
          </reporter-output>
        </test-method> <!-- setUpClass -->
        <test-method signature="runScenario(io.cucumber.testng.PickleWrapper, io.cucumber.testng.FeatureWrapper)[pri:0, instance:luma.us.runner.MyRunner@604c5de8]" started-at="2022-12-21T23:53:33Z" name="runScenario" description="Runs Cucumber Scenarios" data-provider="scenarios" finished-at="2022-12-21T23:53:52Z" duration-ms="19579" status="PASS">
          <params>
            <param index="0">
              <value>
                <![CDATA["User can login the application with valid credentials and purchase the specific men's jacket."]]>
              </value>
            </param>
            <param index="1">
              <value>
                <![CDATA["Optional[valid user can purchase the men jacket.]"]]>
              </value>
            </param>
          </params>
          <reporter-output>
          </reporter-output>
        </test-method> <!-- runScenario -->
        <test-method is-config="true" signature="tearDownClass()[pri:0, instance:luma.us.runner.MyRunner@604c5de8]" started-at="2022-12-21T23:53:52Z" name="tearDownClass" finished-at="2022-12-21T23:53:52Z" duration-ms="51" status="PASS">
          <reporter-output>
          </reporter-output>
        </test-method> <!-- tearDownClass -->
      </class> <!-- luma.us.runner.MyRunner -->
    </test> <!-- luma.us -->
  </suite> <!-- Smoke -->
</testng-results>
